<?xml version="1.0" encoding="UTF-8"?>
<!-- Generated by org.testng.reporters.JUnitReportReporter -->
<testsuite skipped="1" hostname="DESKTOP-MDBUHON" name="com.aspire.selenium.Framework.testNG.Priority_Keyword" tests="5" failures="0" timestamp="2022-02-25T15:06:12 IST" time="0.019" errors="0">
  <testcase name="TC2" time="0.014" classname="com.aspire.selenium.Framework.testNG.Priority_Keyword"/>
  <system-out>
    <![CDATA[TC2 pass]]>
  </system-out>
  <testcase name="TC1" time="0.002" classname="com.aspire.selenium.Framework.testNG.Priority_Keyword"/>
  <system-out>
    <![CDATA[TC1 pass]]>
  </system-out>
  <testcase name="TC3" time="0.002" classname="com.aspire.selenium.Framework.testNG.Priority_Keyword"/>
  <system-out>
    <![CDATA[TC3 pass]]>
  </system-out>
  <testcase name="TC4" time="0.001" classname="com.aspire.selenium.Framework.testNG.Priority_Keyword"/>
  <system-out>
    <![CDATA[TC4 pass]]>
  </system-out>
  <testcase name="TC5" classname="com.aspire.selenium.Framework.testNG.Priority_Keyword">
    <skipped/>
  </testcase> <!-- TC5 -->
  <system-out/>
</testsuite> <!-- com.aspire.selenium.Framework.testNG.Priority_Keyword -->
