<?xml version="1.0" encoding="UTF-8"?>
<!-- Generated by org.testng.reporters.JUnitReportReporter -->
<testsuite skipped="0" hostname="DESKTOP-MDBUHON" name="com.aspire.selenium.Framework.testNG.Annotation2" tests="3" failures="0" timestamp="2022-02-25T11:52:54 IST" time="0.024" errors="0">
  <testcase name="m2" time="0.007" classname="com.aspire.selenium.Framework.testNG.Annotation2"/>
  <system-out>
    <![CDATA[2]]>
  </system-out>
  <testcase name="m2" time="0.004" classname="com.aspire.selenium.Framework.testNG.Annotation2"/>
  <system-out>
    <![CDATA[2]]>
  </system-out>
  <testcase name="m1" time="0.013" classname="com.aspire.selenium.Framework.testNG.Annotation2"/>
  <system-out>
    <![CDATA[1]]>
  </system-out>
</testsuite> <!-- com.aspire.selenium.Framework.testNG.Annotation2 -->
