<?xml version="1.0" encoding="UTF-8"?>
<!-- Generated by org.testng.reporters.JUnitReportReporter -->
<testsuite skipped="0" hostname="DESKTOP-MDBUHON" name="com.aspire.selenium.Framework.testNG.Keywords" tests="1" failures="0" timestamp="2022-02-24T16:30:55 IST" time="0.050" errors="0">
  <testcase name="tc1" time="0.050" classname="com.aspire.selenium.Framework.testNG.Keywords"/>
  <system-out>
    <![CDATA[my first test case]]>
  </system-out>
</testsuite> <!-- com.aspire.selenium.Framework.testNG.Keywords -->
