<?xml version="1.0" encoding="UTF-8"?>
<!-- Generated by org.testng.reporters.JUnitReportReporter -->
<testsuite skipped="0" hostname="DESKTOP-MDBUHON" name="com.aspire.selenium.Framework.testNG.Groups" tests="3" failures="0" timestamp="2022-02-28T13:31:25 IST" time="0.017" errors="0">
  <testcase name="m5" time="0.003" classname="com.aspire.selenium.Framework.testNG.Groups"/>
  <system-out>
    <![CDATA[5]]>
  </system-out>
  <testcase name="m2" time="0.013" classname="com.aspire.selenium.Framework.testNG.Groups"/>
  <system-out>
    <![CDATA[2]]>
  </system-out>
  <testcase name="m4" time="0.001" classname="com.aspire.selenium.Framework.testNG.Groups"/>
  <system-out>
    <![CDATA[4]]>
  </system-out>
</testsuite> <!-- com.aspire.selenium.Framework.testNG.Groups -->
