<?xml version="1.0" encoding="UTF-8"?>
<!-- Generated by org.testng.reporters.JUnitReportReporter -->
<testsuite skipped="0" hostname="DESKTOP-MDBUHON" name="com.aspire.selenium.Framework.testNG.Demo" tests="1" failures="0" timestamp="2022-02-23T18:06:13 IST" time="0.017" errors="0">
  <testcase name="method1" time="0.017" classname="com.aspire.selenium.Framework.testNG.Demo"/>
  <system-out>
    <![CDATA[Hii]]>
  </system-out>
</testsuite> <!-- com.aspire.selenium.Framework.testNG.Demo -->
