<?xml version="1.0" encoding="UTF-8"?>
<!-- Generated by org.testng.reporters.JUnitReportReporter -->
<testsuite skipped="0" hostname="DESKTOP-MDBUHON" name="com.aspire.selenium.Framework.testNG.Keyword1" tests="5" failures="0" timestamp="2022-02-25T13:21:50 IST" time="0.038" errors="0">
  <testcase name="addTocart" time="0.002" classname="com.aspire.selenium.Framework.testNG.Keyword1"/>
  <system-out>
    <![CDATA[Item added to cart]]>
  </system-out>
  <testcase name="login" time="0.001" classname="com.aspire.selenium.Framework.testNG.Keyword1"/>
  <system-out>
    <![CDATA[Login]]>
  </system-out>
  <testcase name="logout" time="0.002" classname="com.aspire.selenium.Framework.testNG.Keyword1"/>
  <system-out>
    <![CDATA[log out sucessfully]]>
  </system-out>
  <testcase name="addTocart" time="0.001" classname="com.aspire.selenium.Framework.testNG.Keyword1"/>
  <system-out>
    <![CDATA[Item added to cart]]>
  </system-out>
  <testcase name="addTocart" time="0.032" classname="com.aspire.selenium.Framework.testNG.Keyword1"/>
  <system-out>
    <![CDATA[Item added to cart]]>
  </system-out>
</testsuite> <!-- com.aspire.selenium.Framework.testNG.Keyword1 -->
