<?xml version="1.0" encoding="UTF-8"?>
<!-- Generated by org.testng.reporters.JUnitReportReporter -->
<testsuite skipped="0" hostname="DESKTOP-MDBUHON" name="com.aspire.selenium.Framework.testNG.Annotation1" tests="2" failures="0" timestamp="2022-02-25T11:23:27 IST" time="0.014" errors="0">
  <testcase name="EnterPassword" time="0.012" classname="com.aspire.selenium.Framework.testNG.Annotation1"/>
  <system-out>
    <![CDATA[Enter thr password]]>
  </system-out>
  <testcase name="clickbutton" time="0.002" classname="com.aspire.selenium.Framework.testNG.Annotation1"/>
  <system-out>
    <![CDATA[Click on login button]]>
  </system-out>
</testsuite> <!-- com.aspire.selenium.Framework.testNG.Annotation1 -->
