<?xml version="1.0" encoding="UTF-8"?>
<!-- Generated by org.testng.reporters.JUnitReportReporter -->
<testsuite skipped="0" hostname="DESKTOP-MDBUHON" name="com.aspire.selenium.pratice.Demo" tests="1" failures="0" timestamp="2022-02-20T22:40:46 IST" time="0.014" errors="0">
  <testcase name="method" time="0.014" classname="com.aspire.selenium.pratice.Demo"/>
  <system-out>
    <![CDATA[Sachin]]>
  </system-out>
</testsuite> <!-- com.aspire.selenium.pratice.Demo -->
