<?xml version="1.0" encoding="UTF-8"?>
<!-- Generated by org.testng.reporters.JUnitReportReporter -->
<testsuite skipped="0" hostname="DESKTOP-MDBUHON" name="com.aspire.selenium.Framework.testNG.After_BeforAnotation" tests="2" failures="0" timestamp="2022-02-24T16:41:12 IST" time="0.013" errors="0">
  <testcase name="karuna" time="0.009" classname="com.aspire.selenium.Framework.testNG.After_BeforAnotation"/>
  <system-out>
    <![CDATA[my first love is karuna]]>
  </system-out>
  <testcase name="shruti" time="0.004" classname="com.aspire.selenium.Framework.testNG.After_BeforAnotation"/>
  <system-out>
    <![CDATA[my baby name is shruti]]>
  </system-out>
</testsuite> <!-- com.aspire.selenium.Framework.testNG.After_BeforAnotation -->
